   1              	 .cpu cortex-m4
   2              	 .eabi_attribute 27,1
   3              	 .eabi_attribute 20,1
   4              	 .eabi_attribute 21,1
   5              	 .eabi_attribute 23,3
   6              	 .eabi_attribute 24,1
   7              	 .eabi_attribute 25,1
   8              	 .eabi_attribute 26,1
   9              	 .eabi_attribute 30,4
  10              	 .eabi_attribute 34,1
  11              	 .eabi_attribute 18,4
  12              	 .file "esc.c"
  13              	 .text
  14              	 .section .text.ESC_ALerror,"ax",%progbits
  15              	 .align 1
  16              	 .global ESC_ALerror
  17              	 .arch armv7e-m
  18              	 .syntax unified
  19              	 .thumb
  20              	 .thumb_func
  21              	 .fpu fpv4-sp-d16
  23              	ESC_ALerror:
  24              	 
  25              	 
  26 0000 07B5     	 push {r0,r1,r2,lr}
  27 0002 074B     	 ldr r3,.L2
  28 0004 ADF80600 	 strh r0,[sp,#6]
  29 0008 A3F88000 	 strh r0,[r3,#128]
  30 000c 0222     	 movs r2,#2
  31 000e 0DF10601 	 add r1,sp,#6
  32 0012 4FF49A70 	 mov r0,#308
  33 0016 FFF7FEFF 	 bl ESC_write
  34 001a 03B0     	 add sp,sp,#12
  35              	 
  36 001c 5DF804FB 	 ldr pc,[sp],#4
  37              	.L3:
  38              	 .align 2
  39              	.L2:
  40 0020 00000000 	 .word ESCvar
  42              	 .section .text.ESC_ALstatus,"ax",%progbits
  43              	 .align 1
  44              	 .global ESC_ALstatus
  45              	 .syntax unified
  46              	 .thumb
  47              	 .thumb_func
  48              	 .fpu fpv4-sp-d16
  50              	ESC_ALstatus:
  51              	 
  52              	 
  53 0000 07B5     	 push {r0,r1,r2,lr}
  54 0002 074B     	 ldr r3,.L5
  55 0004 ADF80600 	 strh r0,[sp,#6]
  56 0008 A3F87C00 	 strh r0,[r3,#124]
  57 000c 0222     	 movs r2,#2
  58 000e 0DF10601 	 add r1,sp,#6
  59 0012 4FF49870 	 mov r0,#304
  60 0016 FFF7FEFF 	 bl ESC_write
  61 001a 03B0     	 add sp,sp,#12
  62              	 
  63 001c 5DF804FB 	 ldr pc,[sp],#4
  64              	.L6:
  65              	 .align 2
  66              	.L5:
  67 0020 00000000 	 .word ESCvar
  69              	 .section .text.ESC_ALeventmaskwrite,"ax",%progbits
  70              	 .align 1
  71              	 .global ESC_ALeventmaskwrite
  72              	 .syntax unified
  73              	 .thumb
  74              	 .thumb_func
  75              	 .fpu fpv4-sp-d16
  77              	ESC_ALeventmaskwrite:
  78              	 
  79              	 
  80 0000 07B5     	 push {r0,r1,r2,lr}
  81 0002 0422     	 movs r2,#4
  82 0004 0190     	 str r0,[sp,#4]
  83 0006 0DEB0201 	 add r1,sp,r2
  84 000a 4FF40170 	 mov r0,#516
  85 000e FFF7FEFF 	 bl ESC_write
  86 0012 03B0     	 add sp,sp,#12
  87              	 
  88 0014 5DF804FB 	 ldr pc,[sp],#4
  90              	 .section .text.ESC_ALeventmaskread,"ax",%progbits
  91              	 .align 1
  92              	 .global ESC_ALeventmaskread
  93              	 .syntax unified
  94              	 .thumb
  95              	 .thumb_func
  96              	 .fpu fpv4-sp-d16
  98              	ESC_ALeventmaskread:
  99              	 
 100              	 
 101 0000 07B5     	 push {r0,r1,r2,lr}
 102 0002 0422     	 movs r2,#4
 103 0004 0DEB0201 	 add r1,sp,r2
 104 0008 4FF40170 	 mov r0,#516
 105 000c FFF7FEFF 	 bl ESC_read
 106 0010 0198     	 ldr r0,[sp,#4]
 107 0012 03B0     	 add sp,sp,#12
 108              	 
 109 0014 5DF804FB 	 ldr pc,[sp],#4
 111              	 .section .text.ESC_ALeventwrite,"ax",%progbits
 112              	 .align 1
 113              	 .global ESC_ALeventwrite
 114              	 .syntax unified
 115              	 .thumb
 116              	 .thumb_func
 117              	 .fpu fpv4-sp-d16
 119              	ESC_ALeventwrite:
 120              	 
 121              	 
 122 0000 07B5     	 push {r0,r1,r2,lr}
 123 0002 0422     	 movs r2,#4
 124 0004 0190     	 str r0,[sp,#4]
 125 0006 0DEB0201 	 add r1,sp,r2
 126 000a 4FF40870 	 mov r0,#544
 127 000e FFF7FEFF 	 bl ESC_write
 128 0012 03B0     	 add sp,sp,#12
 129              	 
 130 0014 5DF804FB 	 ldr pc,[sp],#4
 132              	 .section .text.ESC_ALeventread,"ax",%progbits
 133              	 .align 1
 134              	 .global ESC_ALeventread
 135              	 .syntax unified
 136              	 .thumb
 137              	 .thumb_func
 138              	 .fpu fpv4-sp-d16
 140              	ESC_ALeventread:
 141              	 
 142              	 
 143 0000 07B5     	 push {r0,r1,r2,lr}
 144 0002 0422     	 movs r2,#4
 145 0004 0DEB0201 	 add r1,sp,r2
 146 0008 4FF40870 	 mov r0,#544
 147 000c FFF7FEFF 	 bl ESC_read
 148 0010 0198     	 ldr r0,[sp,#4]
 149 0012 03B0     	 add sp,sp,#12
 150              	 
 151 0014 5DF804FB 	 ldr pc,[sp],#4
 153              	 .section .text.ESC_SMack,"ax",%progbits
 154              	 .align 1
 155              	 .global ESC_SMack
 156              	 .syntax unified
 157              	 .thumb
 158              	 .thumb_func
 159              	 .fpu fpv4-sp-d16
 161              	ESC_SMack:
 162              	 
 163              	 
 164 0000 07B5     	 push {r0,r1,r2,lr}
 165 0002 C000     	 lsls r0,r0,#3
 166 0004 0122     	 movs r2,#1
 167 0006 0DF10701 	 add r1,sp,#7
 168 000a 00F60600 	 addw r0,r0,#2054
 169 000e FFF7FEFF 	 bl ESC_read
 170 0012 03B0     	 add sp,sp,#12
 171              	 
 172 0014 5DF804FB 	 ldr pc,[sp],#4
 174              	 .section .text.ESC_SMstatus,"ax",%progbits
 175              	 .align 1
 176              	 .global ESC_SMstatus
 177              	 .syntax unified
 178              	 .thumb
 179              	 .thumb_func
 180              	 .fpu fpv4-sp-d16
 182              	ESC_SMstatus:
 183              	 
 184              	 
 185              	 
 186 0000 0449     	 ldr r1,.L13
 187 0002 01EBC001 	 add r1,r1,r0,lsl#3
 188 0006 C000     	 lsls r0,r0,#3
 189 0008 0122     	 movs r2,#1
 190 000a 0531     	 adds r1,r1,#5
 191 000c 00F60500 	 addw r0,r0,#2053
 192 0010 FFF7FEBF 	 b ESC_read
 193              	.L14:
 194              	 .align 2
 195              	.L13:
 196 0014 B4000000 	 .word ESCvar+180
 198              	 .section .text.ESC_SMwritepdi,"ax",%progbits
 199              	 .align 1
 200              	 .global ESC_SMwritepdi
 201              	 .syntax unified
 202              	 .thumb
 203              	 .thumb_func
 204              	 .fpu fpv4-sp-d16
 206              	ESC_SMwritepdi:
 207              	 
 208              	 
 209              	 
 210 0000 0449     	 ldr r1,.L16
 211 0002 01EBC001 	 add r1,r1,r0,lsl#3
 212 0006 C000     	 lsls r0,r0,#3
 213 0008 0122     	 movs r2,#1
 214 000a 0731     	 adds r1,r1,#7
 215 000c 00F60700 	 addw r0,r0,#2055
 216 0010 FFF7FEBF 	 b ESC_write
 217              	.L17:
 218              	 .align 2
 219              	.L16:
 220 0014 B4000000 	 .word ESCvar+180
 222              	 .section .text.ESC_SMenable,"ax",%progbits
 223              	 .align 1
 224              	 .global ESC_SMenable
 225              	 .syntax unified
 226              	 .thumb
 227              	 .thumb_func
 228              	 .fpu fpv4-sp-d16
 230              	ESC_SMenable:
 231              	 
 232              	 
 233              	 
 234 0000 044B     	 ldr r3,.L19
 235 0002 03EBC003 	 add r3,r3,r0,lsl#3
 236 0006 DA79     	 ldrb r2,[r3,#7]
 237 0008 22F00102 	 bic r2,r2,#1
 238 000c DA71     	 strb r2,[r3,#7]
 239 000e FFF7FEBF 	 b ESC_SMwritepdi
 240              	.L20:
 241 0012 00BF     	 .align 2
 242              	.L19:
 243 0014 B4000000 	 .word ESCvar+180
 245              	 .section .text.ESC_SMdisable,"ax",%progbits
 246              	 .align 1
 247              	 .global ESC_SMdisable
 248              	 .syntax unified
 249              	 .thumb
 250              	 .thumb_func
 251              	 .fpu fpv4-sp-d16
 253              	ESC_SMdisable:
 254              	 
 255              	 
 256              	 
 257 0000 044B     	 ldr r3,.L22
 258 0002 03EBC003 	 add r3,r3,r0,lsl#3
 259 0006 DA79     	 ldrb r2,[r3,#7]
 260 0008 42F00102 	 orr r2,r2,#1
 261 000c DA71     	 strb r2,[r3,#7]
 262 000e FFF7FEBF 	 b ESC_SMwritepdi
 263              	.L23:
 264 0012 00BF     	 .align 2
 265              	.L22:
 266 0014 B4000000 	 .word ESCvar+180
 268              	 .section .text.ESC_address,"ax",%progbits
 269              	 .align 1
 270              	 .global ESC_address
 271              	 .syntax unified
 272              	 .thumb
 273              	 .thumb_func
 274              	 .fpu fpv4-sp-d16
 276              	ESC_address:
 277              	 
 278              	 
 279              	 
 280 0000 0249     	 ldr r1,.L25
 281 0002 0222     	 movs r2,#2
 282 0004 1020     	 movs r0,#16
 283 0006 FFF7FEBF 	 b ESC_read
 284              	.L26:
 285 000a 00BF     	 .align 2
 286              	.L25:
 287 000c 84000000 	 .word ESCvar+132
 289              	 .section .text.ESC_WDstatus,"ax",%progbits
 290              	 .align 1
 291              	 .global ESC_WDstatus
 292              	 .syntax unified
 293              	 .thumb
 294              	 .thumb_func
 295              	 .fpu fpv4-sp-d16
 297              	ESC_WDstatus:
 298              	 
 299              	 
 300 0000 07B5     	 push {r0,r1,r2,lr}
 301 0002 0222     	 movs r2,#2
 302 0004 0DF10601 	 add r1,sp,#6
 303 0008 4FF48860 	 mov r0,#1088
 304 000c FFF7FEFF 	 bl ESC_read
 305 0010 9DF80600 	 ldrb r0,[sp,#6]
 306 0014 03B0     	 add sp,sp,#12
 307              	 
 308 0016 5DF804FB 	 ldr pc,[sp],#4
 310              	 .section .text.ESC_SYNCactivation,"ax",%progbits
 311              	 .align 1
 312              	 .global ESC_SYNCactivation
 313              	 .syntax unified
 314              	 .thumb
 315              	 .thumb_func
 316              	 .fpu fpv4-sp-d16
 318              	ESC_SYNCactivation:
 319              	 
 320              	 
 321 0000 07B5     	 push {r0,r1,r2,lr}
 322 0002 0122     	 movs r2,#1
 323 0004 0DF10701 	 add r1,sp,#7
 324 0008 40F68110 	 movw r0,#2433
 325 000c FFF7FEFF 	 bl ESC_read
 326 0010 9DF80700 	 ldrb r0,[sp,#7]
 327 0014 03B0     	 add sp,sp,#12
 328              	 
 329 0016 5DF804FB 	 ldr pc,[sp],#4
 331              	 .section .text.ESC_SYNC0cycletime,"ax",%progbits
 332              	 .align 1
 333              	 .global ESC_SYNC0cycletime
 334              	 .syntax unified
 335              	 .thumb
 336              	 .thumb_func
 337              	 .fpu fpv4-sp-d16
 339              	ESC_SYNC0cycletime:
 340              	 
 341              	 
 342 0000 07B5     	 push {r0,r1,r2,lr}
 343 0002 0422     	 movs r2,#4
 344 0004 0DEB0201 	 add r1,sp,r2
 345 0008 4FF41A60 	 mov r0,#2464
 346 000c FFF7FEFF 	 bl ESC_read
 347 0010 0198     	 ldr r0,[sp,#4]
 348 0012 03B0     	 add sp,sp,#12
 349              	 
 350 0014 5DF804FB 	 ldr pc,[sp],#4
 352              	 .section .text.ESC_SYNC1cycletime,"ax",%progbits
 353              	 .align 1
 354              	 .global ESC_SYNC1cycletime
 355              	 .syntax unified
 356              	 .thumb
 357              	 .thumb_func
 358              	 .fpu fpv4-sp-d16
 360              	ESC_SYNC1cycletime:
 361              	 
 362              	 
 363 0000 07B5     	 push {r0,r1,r2,lr}
 364 0002 0422     	 movs r2,#4
 365 0004 0DEB0201 	 add r1,sp,r2
 366 0008 40F6A410 	 movw r0,#2468
 367 000c FFF7FEFF 	 bl ESC_read
 368 0010 0198     	 ldr r0,[sp,#4]
 369 0012 03B0     	 add sp,sp,#12
 370              	 
 371 0014 5DF804FB 	 ldr pc,[sp],#4
 373              	 .section .text.ESC_checkDC,"ax",%progbits
 374              	 .align 1
 375              	 .global ESC_checkDC
 376              	 .syntax unified
 377              	 .thumb
 378              	 .thumb_func
 379              	 .fpu fpv4-sp-d16
 381              	ESC_checkDC:
 382              	 
 383              	 
 384 0000 10B5     	 push {r4,lr}
 385 0002 FFF7FEFF 	 bl ESC_SYNCactivation
 386 0006 10F00900 	 ands r0,r0,#9
 387 000a 074B     	 ldr r3,.L35
 388 000c 04D0     	 beq .L32
 389 000e 1B6E     	 ldr r3,[r3,#96]
 390 0010 3BB1     	 cbz r3,.L34
 391 0012 BDE81040 	 pop {r4,lr}
 392 0016 1847     	 bx r3
 393              	.L32:
 394 0018 83F87800 	 strb r0,[r3,#120]
 395 001c 83F8DE00 	 strb r0,[r3,#222]
 396              	.L33:
 397 0020 10BD     	 pop {r4,pc}
 398              	.L34:
 399 0022 3020     	 movs r0,#48
 400 0024 FCE7     	 b .L33
 401              	.L36:
 402 0026 00BF     	 .align 2
 403              	.L35:
 404 0028 00000000 	 .word ESCvar
 406              	 .section .text.ESC_checkmbx,"ax",%progbits
 407              	 .align 1
 408              	 .global ESC_checkmbx
 409              	 .syntax unified
 410              	 .thumb
 411              	 .thumb_func
 412              	 .fpu fpv4-sp-d16
 414              	ESC_checkmbx:
 415              	 
 416              	 
 417 0000 10B5     	 push {r4,lr}
 418 0002 2349     	 ldr r1,.L43
 419 0004 0822     	 movs r2,#8
 420 0006 0446     	 mov r4,r0
 421 0008 4FF40060 	 mov r0,#2048
 422 000c FFF7FEFF 	 bl ESC_read
 423 0010 2049     	 ldr r1,.L43+4
 424 0012 0822     	 movs r2,#8
 425 0014 40F60800 	 movw r0,#2056
 426 0018 FFF7FEFF 	 bl ESC_read
 427 001c 1E4B     	 ldr r3,.L43+8
 428 001e DA6E     	 ldr r2,[r3,#108]
 429 0020 B3F8B400 	 ldrh r0,[r3,#180]
 430 0024 1188     	 ldrh r1,[r2]
 431 0026 8842     	 cmp r0,r1
 432 0028 0DD1     	 bne .L38
 433 002a B3F8B600 	 ldrh r0,[r3,#182]
 434 002e 5188     	 ldrh r1,[r2,#2]
 435 0030 8842     	 cmp r0,r1
 436 0032 08D1     	 bne .L38
 437 0034 93F8B810 	 ldrb r1,[r3,#184]
 438 0038 9279     	 ldrb r2,[r2,#6]
 439 003a 9142     	 cmp r1,r2
 440 003c 03D1     	 bne .L38
 441 003e 93F8BA20 	 ldrb r2,[r3,#186]
 442 0042 D107     	 lsls r1,r2,#31
 443 0044 0BD4     	 bmi .L39
 444              	.L38:
 445 0046 0124     	 movs r4,#1
 446 0048 83F8AC40 	 strb r4,[r3,#172]
 447              	.L42:
 448 004c 0020     	 movs r0,#0
 449 004e FFF7FEFF 	 bl ESC_SMdisable
 450 0052 0120     	 movs r0,#1
 451 0054 FFF7FEFF 	 bl ESC_SMdisable
 452 0058 1124     	 movs r4,#17
 453              	.L40:
 454 005a 2046     	 mov r0,r4
 455 005c 10BD     	 pop {r4,pc}
 456              	.L39:
 457 005e 1A6F     	 ldr r2,[r3,#112]
 458 0060 B3F8BC00 	 ldrh r0,[r3,#188]
 459 0064 1188     	 ldrh r1,[r2]
 460 0066 8842     	 cmp r0,r1
 461 0068 0DD1     	 bne .L41
 462 006a B3F8BE00 	 ldrh r0,[r3,#190]
 463 006e 5188     	 ldrh r1,[r2,#2]
 464 0070 8842     	 cmp r0,r1
 465 0072 08D1     	 bne .L41
 466 0074 93F8C010 	 ldrb r1,[r3,#192]
 467 0078 9279     	 ldrb r2,[r2,#6]
 468 007a 9142     	 cmp r1,r2
 469 007c 03D1     	 bne .L41
 470 007e 93F8C220 	 ldrb r2,[r3,#194]
 471 0082 D207     	 lsls r2,r2,#31
 472 0084 E9D4     	 bmi .L40
 473              	.L41:
 474 0086 0222     	 movs r2,#2
 475 0088 83F8AC20 	 strb r2,[r3,#172]
 476 008c DEE7     	 b .L42
 477              	.L44:
 478 008e 00BF     	 .align 2
 479              	.L43:
 480 0090 B4000000 	 .word ESCvar+180
 481 0094 BC000000 	 .word ESCvar+188
 482 0098 00000000 	 .word ESCvar
 484              	 .section .text.ESC_startmbx,"ax",%progbits
 485              	 .align 1
 486              	 .global ESC_startmbx
 487              	 .syntax unified
 488              	 .thumb
 489              	 .thumb_func
 490              	 .fpu fpv4-sp-d16
 492              	ESC_startmbx:
 493              	 
 494              	 
 495 0000 38B5     	 push {r3,r4,r5,lr}
 496 0002 154C     	 ldr r4,.L49
 497 0004 8023     	 movs r3,#128
 498 0006 A366     	 str r3,[r4,#104]
 499 0008 231D     	 adds r3,r4,#4
 500 000a 0546     	 mov r5,r0
 501 000c E366     	 str r3,[r4,#108]
 502 000e 0020     	 movs r0,#0
 503 0010 04F10C03 	 add r3,r4,#12
 504 0014 2367     	 str r3,[r4,#112]
 505 0016 FFF7FEFF 	 bl ESC_SMenable
 506 001a 0120     	 movs r0,#1
 507 001c FFF7FEFF 	 bl ESC_SMenable
 508 0020 0020     	 movs r0,#0
 509 0022 FFF7FEFF 	 bl ESC_SMstatus
 510 0026 0120     	 movs r0,#1
 511 0028 FFF7FEFF 	 bl ESC_SMstatus
 512 002c 2846     	 mov r0,r5
 513 002e FFF7FEFF 	 bl ESC_checkmbx
 514 0032 C306     	 lsls r3,r0,#27
 515 0034 0546     	 mov r5,r0
 516 0036 07D5     	 bpl .L46
 517 0038 1620     	 movs r0,#22
 518 003a FFF7FEFF 	 bl ESC_ALerror
 519 003e 0023     	 movs r3,#0
 520              	.L48:
 521 0040 84F86430 	 strb r3,[r4,#100]
 522 0044 2846     	 mov r0,r5
 523 0046 38BD     	 pop {r3,r4,r5,pc}
 524              	.L46:
 525 0048 94F8C230 	 ldrb r3,[r4,#194]
 526 004c C3F34003 	 ubfx r3,r3,#1,#1
 527 0050 84F8A030 	 strb r3,[r4,#160]
 528 0054 0123     	 movs r3,#1
 529 0056 F3E7     	 b .L48
 530              	.L50:
 531              	 .align 2
 532              	.L49:
 533 0058 00000000 	 .word ESCvar
 535              	 .section .text.ESC_startmbxboot,"ax",%progbits
 536              	 .align 1
 537              	 .global ESC_startmbxboot
 538              	 .syntax unified
 539              	 .thumb
 540              	 .thumb_func
 541              	 .fpu fpv4-sp-d16
 543              	ESC_startmbxboot:
 544              	 
 545              	 
 546 0000 38B5     	 push {r3,r4,r5,lr}
 547 0002 164C     	 ldr r4,.L55
 548 0004 8023     	 movs r3,#128
 549 0006 A366     	 str r3,[r4,#104]
 550 0008 04F11403 	 add r3,r4,#20
 551 000c 0546     	 mov r5,r0
 552 000e E366     	 str r3,[r4,#108]
 553 0010 0020     	 movs r0,#0
 554 0012 04F11C03 	 add r3,r4,#28
 555 0016 2367     	 str r3,[r4,#112]
 556 0018 FFF7FEFF 	 bl ESC_SMenable
 557 001c 0120     	 movs r0,#1
 558 001e FFF7FEFF 	 bl ESC_SMenable
 559 0022 0020     	 movs r0,#0
 560 0024 FFF7FEFF 	 bl ESC_SMstatus
 561 0028 0120     	 movs r0,#1
 562 002a FFF7FEFF 	 bl ESC_SMstatus
 563 002e 2846     	 mov r0,r5
 564 0030 FFF7FEFF 	 bl ESC_checkmbx
 565 0034 C306     	 lsls r3,r0,#27
 566 0036 0546     	 mov r5,r0
 567 0038 07D5     	 bpl .L52
 568 003a 1520     	 movs r0,#21
 569 003c FFF7FEFF 	 bl ESC_ALerror
 570 0040 0023     	 movs r3,#0
 571              	.L54:
 572 0042 84F86430 	 strb r3,[r4,#100]
 573 0046 2846     	 mov r0,r5
 574 0048 38BD     	 pop {r3,r4,r5,pc}
 575              	.L52:
 576 004a 94F8C230 	 ldrb r3,[r4,#194]
 577 004e C3F34003 	 ubfx r3,r3,#1,#1
 578 0052 84F8A030 	 strb r3,[r4,#160]
 579 0056 0123     	 movs r3,#1
 580 0058 F3E7     	 b .L54
 581              	.L56:
 582 005a 00BF     	 .align 2
 583              	.L55:
 584 005c 00000000 	 .word ESCvar
 586              	 .section .text.ESC_stopmbx,"ax",%progbits
 587              	 .align 1
 588              	 .global ESC_stopmbx
 589              	 .syntax unified
 590              	 .thumb
 591              	 .thumb_func
 592              	 .fpu fpv4-sp-d16
 594              	ESC_stopmbx:
 595              	 
 596              	 
 597 0000 38B5     	 push {r3,r4,r5,lr}
 598 0002 0024     	 movs r4,#0
 599 0004 0F4D     	 ldr r5,.L58
 600 0006 2046     	 mov r0,r4
 601 0008 85F86440 	 strb r4,[r5,#100]
 602 000c FFF7FEFF 	 bl ESC_SMdisable
 603 0010 0120     	 movs r0,#1
 604 0012 FFF7FEFF 	 bl ESC_SMdisable
 605 0016 0C4B     	 ldr r3,.L58+4
 606 0018 1C70     	 strb r4,[r3]
 607 001a 5C70     	 strb r4,[r3,#1]
 608 001c 9C70     	 strb r4,[r3,#2]
 609 001e 0123     	 movs r3,#1
 610 0020 85F8A040 	 strb r4,[r5,#160]
 611 0024 85F88740 	 strb r4,[r5,#135]
 612 0028 C5F88840 	 str r4,[r5,#136]
 613 002c A5F88C30 	 strh r3,[r5,#140]
 614 0030 A5F89640 	 strh r4,[r5,#150]
 615 0034 C5F89840 	 str r4,[r5,#152]
 616 0038 85F89C40 	 strb r4,[r5,#156]
 617 003c A5F89E40 	 strh r4,[r5,#158]
 618 0040 38BD     	 pop {r3,r4,r5,pc}
 619              	.L59:
 620 0042 00BF     	 .align 2
 621              	.L58:
 622 0044 00000000 	 .word ESCvar
 623 0048 00000000 	 .word MBXcontrol
 625              	 .section .text.ESC_readmbx,"ax",%progbits
 626              	 .align 1
 627              	 .global ESC_readmbx
 628              	 .syntax unified
 629              	 .thumb
 630              	 .thumb_func
 631              	 .fpu fpv4-sp-d16
 633              	ESC_readmbx:
 634              	 
 635              	 
 636 0000 37B5     	 push {r0,r1,r2,r4,r5,lr}
 637 0002 164C     	 ldr r4,.L63
 638 0004 164D     	 ldr r5,.L63+4
 639 0006 E36E     	 ldr r3,[r4,#108]
 640 0008 0622     	 movs r2,#6
 641 000a 1888     	 ldrh r0,[r3]
 642 000c 2946     	 mov r1,r5
 643 000e FFF7FEFF 	 bl ESC_read
 644 0012 2B88     	 ldrh r3,[r5]
 645 0014 E26E     	 ldr r2,[r4,#108]
 646 0016 ADF80630 	 strh r3,[sp,#6]
 647 001a 99B2     	 uxth r1,r3
 648 001c 5388     	 ldrh r3,[r2,#2]
 649 001e 1088     	 ldrh r0,[r2]
 650 0020 063B     	 subs r3,r3,#6
 651 0022 9942     	 cmp r1,r3
 652 0024 88BF     	 it hi
 653 0026 ADF80630 	 strhhi r3,[sp,#6]
 654 002a 0630     	 adds r0,r0,#6
 655 002c BDF80620 	 ldrh r2,[sp,#6]
 656 0030 0C49     	 ldr r1,.L63+8
 657 0032 80B2     	 uxth r0,r0
 658 0034 FFF7FEFF 	 bl ESC_read
 659 0038 E06E     	 ldr r0,[r4,#108]
 660 003a BDF80630 	 ldrh r3,[sp,#6]
 661 003e 4288     	 ldrh r2,[r0,#2]
 662 0040 0633     	 adds r3,r3,#6
 663 0042 9342     	 cmp r3,r2
 664 0044 05D2     	 bcs .L62
 665 0046 8088     	 ldrh r0,[r0,#4]
 666 0048 0122     	 movs r2,#1
 667 004a 0DF10601 	 add r1,sp,#6
 668 004e FFF7FEFF 	 bl ESC_read
 669              	.L62:
 670 0052 054B     	 ldr r3,.L63+12
 671 0054 0122     	 movs r2,#1
 672 0056 1A70     	 strb r2,[r3]
 673 0058 03B0     	 add sp,sp,#12
 674              	 
 675 005a 30BD     	 pop {r4,r5,pc}
 676              	.L64:
 677              	 .align 2
 678              	.L63:
 679 005c 00000000 	 .word ESCvar
 680 0060 00000000 	 .word MBX
 681 0064 06000000 	 .word MBX+6
 682 0068 00000000 	 .word MBXcontrol
 684              	 .section .text.ESC_writembx,"ax",%progbits
 685              	 .align 1
 686              	 .global ESC_writembx
 687              	 .syntax unified
 688              	 .thumb
 689              	 .thumb_func
 690              	 .fpu fpv4-sp-d16
 692              	ESC_writembx:
 693              	 
 694              	 
 695 0000 37B5     	 push {r0,r1,r2,r4,r5,lr}
 696 0002 114D     	 ldr r5,.L68
 697 0004 1149     	 ldr r1,.L68+4
 698 0006 AB6E     	 ldr r3,[r5,#104]
 699 0008 03FB0011 	 mla r1,r3,r0,r1
 700 000c 286F     	 ldr r0,[r5,#112]
 701 000e 0023     	 movs r3,#0
 702 0010 4288     	 ldrh r2,[r0,#2]
 703 0012 8DF80730 	 strb r3,[sp,#7]
 704 0016 0B88     	 ldrh r3,[r1]
 705 0018 0088     	 ldrh r0,[r0]
 706 001a 063A     	 subs r2,r2,#6
 707 001c 9342     	 cmp r3,r2
 708 001e 88BF     	 it hi
 709 0020 93B2     	 uxthhi r3,r2
 710 0022 9C1D     	 adds r4,r3,#6
 711 0024 A2B2     	 uxth r2,r4
 712 0026 FFF7FEFF 	 bl ESC_write
 713 002a 2B6F     	 ldr r3,[r5,#112]
 714 002c 5A88     	 ldrh r2,[r3,#2]
 715 002e 9442     	 cmp r4,r2
 716 0030 05D2     	 bcs .L67
 717 0032 9888     	 ldrh r0,[r3,#4]
 718 0034 0122     	 movs r2,#1
 719 0036 0DF10701 	 add r1,sp,#7
 720 003a FFF7FEFF 	 bl ESC_write
 721              	.L67:
 722 003e 0023     	 movs r3,#0
 723 0040 85F88C30 	 strb r3,[r5,#140]
 724 0044 03B0     	 add sp,sp,#12
 725              	 
 726 0046 30BD     	 pop {r4,r5,pc}
 727              	.L69:
 728              	 .align 2
 729              	.L68:
 730 0048 00000000 	 .word ESCvar
 731 004c 00000000 	 .word MBX
 733              	 .section .text.ESC_ackmbxread,"ax",%progbits
 734              	 .align 1
 735              	 .global ESC_ackmbxread
 736              	 .syntax unified
 737              	 .thumb
 738              	 .thumb_func
 739              	 .fpu fpv4-sp-d16
 741              	ESC_ackmbxread:
 742              	 
 743              	 
 744 0000 13B5     	 push {r0,r1,r4,lr}
 745 0002 084C     	 ldr r4,.L71
 746 0004 0023     	 movs r3,#0
 747 0006 8DF80730 	 strb r3,[sp,#7]
 748 000a 236F     	 ldr r3,[r4,#112]
 749 000c 0122     	 movs r2,#1
 750 000e 1888     	 ldrh r0,[r3]
 751 0010 0DF10701 	 add r1,sp,#7
 752 0014 FFF7FEFF 	 bl ESC_write
 753 0018 0123     	 movs r3,#1
 754 001a 84F88C30 	 strb r3,[r4,#140]
 755 001e 02B0     	 add sp,sp,#8
 756              	 
 757 0020 10BD     	 pop {r4,pc}
 758              	.L72:
 759 0022 00BF     	 .align 2
 760              	.L71:
 761 0024 00000000 	 .word ESCvar
 763              	 .section .text.ESC_claimbuffer,"ax",%progbits
 764              	 .align 1
 765              	 .global ESC_claimbuffer
 766              	 .syntax unified
 767              	 .thumb
 768              	 .thumb_func
 769              	 .fpu fpv4-sp-d16
 771              	ESC_claimbuffer:
 772              	 
 773              	 
 774 0000 10B5     	 push {r4,lr}
 775 0002 154B     	 ldr r3,.L81
 776 0004 9A78     	 ldrb r2,[r3,#2]
 777 0006 12B3     	 cbz r2,.L78
 778 0008 5A78     	 ldrb r2,[r3,#1]
 779 000a 12BB     	 cbnz r2,.L79
 780 000c 0120     	 movs r0,#1
 781              	.L74:
 782 000e 0222     	 movs r2,#2
 783 0010 1A54     	 strb r2,[r3,r0]
 784 0012 124B     	 ldr r3,.L81+4
 785 0014 1249     	 ldr r1,.L81+8
 786 0016 9A6E     	 ldr r2,[r3,#104]
 787 0018 02FB0012 	 mla r2,r2,r0,r1
 788 001c 93F88610 	 ldrb r1,[r3,#134]
 789 0020 0131     	 adds r1,r1,#1
 790 0022 11F00701 	 ands r1,r1,#7
 791 0026 08BF     	 it eq
 792 0028 0121     	 moveq r1,#1
 793 002a 83F88610 	 strb r1,[r3,#134]
 794 002e 0021     	 movs r1,#0
 795 0030 93F88640 	 ldrb r4,[r3,#134]
 796 0034 9170     	 strb r1,[r2,#2]
 797 0036 D170     	 strb r1,[r2,#3]
 798 0038 1171     	 strb r1,[r2,#4]
 799 003a 5179     	 ldrb r1,[r2,#5]
 800 003c 64F30711 	 bfi r1,r4,#4,#4
 801 0040 5171     	 strb r1,[r2,#5]
 802 0042 93F88B20 	 ldrb r2,[r3,#139]
 803 0046 0132     	 adds r2,r2,#1
 804 0048 83F88B20 	 strb r2,[r3,#139]
 805              	.L75:
 806 004c 10BD     	 pop {r4,pc}
 807              	.L78:
 808 004e 0220     	 movs r0,#2
 809 0050 DDE7     	 b .L74
 810              	.L79:
 811 0052 0020     	 movs r0,#0
 812 0054 FAE7     	 b .L75
 813              	.L82:
 814 0056 00BF     	 .align 2
 815              	.L81:
 816 0058 00000000 	 .word MBXcontrol
 817 005c 00000000 	 .word ESCvar
 818 0060 00000000 	 .word MBX
 820              	 .section .text.ESC_outreqbuffer,"ax",%progbits
 821              	 .align 1
 822              	 .global ESC_outreqbuffer
 823              	 .syntax unified
 824              	 .thumb
 825              	 .thumb_func
 826              	 .fpu fpv4-sp-d16
 828              	ESC_outreqbuffer:
 829              	 
 830              	 
 831              	 
 832 0000 054B     	 ldr r3,.L86
 833 0002 9A78     	 ldrb r2,[r3,#2]
 834 0004 032A     	 cmp r2,#3
 835 0006 04D0     	 beq .L85
 836 0008 5878     	 ldrb r0,[r3,#1]
 837 000a C31E     	 subs r3,r0,#3
 838 000c 5842     	 rsbs r0,r3,#0
 839 000e 5841     	 adcs r0,r0,r3
 840 0010 7047     	 bx lr
 841              	.L85:
 842 0012 0220     	 movs r0,#2
 843 0014 7047     	 bx lr
 844              	.L87:
 845 0016 00BF     	 .align 2
 846              	.L86:
 847 0018 00000000 	 .word MBXcontrol
 849              	 .section .text.MBX_error,"ax",%progbits
 850              	 .align 1
 851              	 .global MBX_error
 852              	 .syntax unified
 853              	 .thumb
 854              	 .thumb_func
 855              	 .fpu fpv4-sp-d16
 857              	MBX_error:
 858              	 
 859              	 
 860 0000 70B5     	 push {r4,r5,r6,lr}
 861 0002 0446     	 mov r4,r0
 862 0004 FFF7FEFF 	 bl ESC_claimbuffer
 863 0008 98B1     	 cbz r0,.L88
 864 000a 0A4B     	 ldr r3,.L93
 865 000c 0A4D     	 ldr r5,.L93+4
 866 000e 9A6E     	 ldr r2,[r3,#104]
 867 0010 4243     	 muls r2,r0,r2
 868 0012 0426     	 movs r6,#4
 869 0014 5655     	 strb r6,[r2,r5]
 870 0016 5319     	 adds r3,r2,r5
 871 0018 0021     	 movs r1,#0
 872 001a 5A79     	 ldrb r2,[r3,#5]
 873 001c 5970     	 strb r1,[r3,#1]
 874 001e 61F30302 	 bfi r2,r1,#0,#4
 875 0022 5A71     	 strb r2,[r3,#5]
 876 0024 0122     	 movs r2,#1
 877 0026 9A71     	 strb r2,[r3,#6]
 878 0028 D971     	 strb r1,[r3,#7]
 879 002a 1C81     	 strh r4,[r3,#8]
 880 002c 034B     	 ldr r3,.L93+8
 881 002e 0322     	 movs r2,#3
 882 0030 1A54     	 strb r2,[r3,r0]
 883              	.L88:
 884 0032 70BD     	 pop {r4,r5,r6,pc}
 885              	.L94:
 886              	 .align 2
 887              	.L93:
 888 0034 00000000 	 .word ESCvar
 889 0038 00000000 	 .word MBX
 890 003c 00000000 	 .word MBXcontrol
 892              	 .section .text.ESC_mbxprocess,"ax",%progbits
 893              	 .align 1
 894              	 .global ESC_mbxprocess
 895              	 .syntax unified
 896              	 .thumb
 897              	 .thumb_func
 898              	 .fpu fpv4-sp-d16
 900              	ESC_mbxprocess:
 901              	 
 902              	 
 903 0000 F8B5     	 push {r3,r4,r5,r6,r7,lr}
 904 0002 594C     	 ldr r4,.L141
 905 0004 94F86430 	 ldrb r3,[r4,#100]
 906 0008 0BB9     	 cbnz r3,.L96
 907              	.L140:
 908 000a 0020     	 movs r0,#0
 909 000c 2EE0     	 b .L97
 910              	.L96:
 911 000e B4F8DC30 	 ldrh r3,[r4,#220]
 912 0012 03F44073 	 and r3,r3,#768
 913 0016 2BB1     	 cbz r3,.L98
 914 0018 0020     	 movs r0,#0
 915 001a FFF7FEFF 	 bl ESC_SMstatus
 916 001e 0120     	 movs r0,#1
 917 0020 FFF7FEFF 	 bl ESC_SMstatus
 918              	.L98:
 919 0024 94F88820 	 ldrb r2,[r4,#136]
 920 0028 0AB3     	 cbz r2,.L99
 921 002a B4F8DC30 	 ldrh r3,[r4,#220]
 922 002e 9905     	 lsls r1,r3,#22
 923 0030 1DD5     	 bpl .L99
 924 0032 FFF7FEFF 	 bl ESC_ackmbxread
 925 0036 94F88930 	 ldrb r3,[r4,#137]
 926 003a 4C4D     	 ldr r5,.L141+4
 927 003c 0BB1     	 cbz r3,.L100
 928 003e 0022     	 movs r2,#0
 929 0040 EA54     	 strb r2,[r5,r3]
 930              	.L100:
 931 0042 94F88800 	 ldrb r0,[r4,#136]
 932 0046 2B5C     	 ldrb r3,[r5,r0]
 933 0048 062B     	 cmp r3,#6
 934 004a 01D1     	 bne .L101
 935 004c FFF7FEFF 	 bl ESC_writembx
 936              	.L101:
 937 0050 94F88830 	 ldrb r3,[r4,#136]
 938 0054 0522     	 movs r2,#5
 939 0056 EA54     	 strb r2,[r5,r3]
 940 0058 94F88A00 	 ldrb r0,[r4,#138]
 941 005c 84F88930 	 strb r3,[r4,#137]
 942 0060 0023     	 movs r3,#0
 943 0062 C01A     	 subs r0,r0,r3
 944 0064 84F88830 	 strb r3,[r4,#136]
 945 0068 18BF     	 it ne
 946 006a 0120     	 movne r0,#1
 947              	.L97:
 948 006c F8BD     	 pop {r3,r4,r5,r6,r7,pc}
 949              	.L99:
 950 006e 94F8C230 	 ldrb r3,[r4,#194]
 951 0072 94F8A010 	 ldrb r1,[r4,#160]
 952 0076 C3F34003 	 ubfx r3,r3,#1,#1
 953 007a 8B42     	 cmp r3,r1
 954 007c 25D0     	 beq .L102
 955 007e B4F88830 	 ldrh r3,[r4,#136]
 956 0082 002B     	 cmp r3,#0
 957 0084 C1D0     	 beq .L140
 958 0086 A2B9     	 cbnz r2,.L104
 959              	.L139:
 960 0088 94F88900 	 ldrb r0,[r4,#137]
 961 008c FFF7FEFF 	 bl ESC_writembx
 962 0090 94F8C230 	 ldrb r3,[r4,#194]
 963 0094 C3F34002 	 ubfx r2,r3,#1,#1
 964 0098 1346     	 mov r3,r2
 965 009a 84F8A020 	 strb r2,[r4,#160]
 966 009e 94F8C320 	 ldrb r2,[r4,#195]
 967 00a2 0120     	 movs r0,#1
 968 00a4 63F34102 	 bfi r2,r3,#1,#1
 969 00a8 84F8C320 	 strb r2,[r4,#195]
 970 00ac FFF7FEFF 	 bl ESC_SMwritepdi
 971 00b0 ABE7     	 b .L140
 972              	.L104:
 973 00b2 0120     	 movs r0,#1
 974 00b4 FFF7FEFF 	 bl ESC_SMdisable
 975 00b8 94F88830 	 ldrb r3,[r4,#136]
 976 00bc 2B4A     	 ldr r2,.L141+4
 977 00be 0621     	 movs r1,#6
 978 00c0 D154     	 strb r1,[r2,r3]
 979 00c2 0120     	 movs r0,#1
 980 00c4 FFF7FEFF 	 bl ESC_SMenable
 981 00c8 DEE7     	 b .L139
 982              	.L102:
 983 00ca 94F88B30 	 ldrb r3,[r4,#139]
 984 00ce D3B1     	 cbz r3,.L107
 985 00d0 94F88C30 	 ldrb r3,[r4,#140]
 986 00d4 1BB9     	 cbnz r3,.L108
 987 00d6 94F8C130 	 ldrb r3,[r4,#193]
 988 00da 1A07     	 lsls r2,r3,#28
 989 00dc 13D4     	 bmi .L107
 990              	.L108:
 991 00de FFF7FEFF 	 bl ESC_outreqbuffer
 992 00e2 0546     	 mov r5,r0
 993 00e4 78B1     	 cbz r0,.L107
 994 00e6 FFF7FEFF 	 bl ESC_writembx
 995 00ea 0120     	 movs r0,#1
 996 00ec FFF7FEFF 	 bl ESC_SMstatus
 997 00f0 1E4B     	 ldr r3,.L141+4
 998 00f2 0422     	 movs r2,#4
 999 00f4 5A55     	 strb r2,[r3,r5]
 1000 00f6 94F88B30 	 ldrb r3,[r4,#139]
 1001 00fa 84F88850 	 strb r5,[r4,#136]
 1002 00fe 13B1     	 cbz r3,.L107
 1003 0100 013B     	 subs r3,r3,#1
 1004 0102 84F88B30 	 strb r3,[r4,#139]
 1005              	.L107:
 1006 0106 94F8B930 	 ldrb r3,[r4,#185]
 1007 010a 1B07     	 lsls r3,r3,#28
 1008 010c 7FF57DAF 	 bpl .L140
 1009 0110 164D     	 ldr r5,.L141+4
 1010 0112 2B78     	 ldrb r3,[r5]
 1011 0114 002B     	 cmp r3,#0
 1012 0116 7FF478AF 	 bne .L140
 1013 011a D4F88830 	 ldr r3,[r4,#136]
 1014 011e 13F0FF16 	 ands r6,r3,#16711935
 1015 0122 7FF472AF 	 bne .L140
 1016 0126 FFF7FEFF 	 bl ESC_readmbx
 1017 012a 94F8B930 	 ldrb r3,[r4,#185]
 1018 012e 66F3C303 	 bfi r3,r6,#3,#1
 1019 0132 0F4E     	 ldr r6,.L141+8
 1020 0134 84F8B930 	 strb r3,[r4,#185]
 1021 0138 3788     	 ldrh r7,[r6]
 1022 013a 1FB9     	 cbnz r7,.L110
 1023 013c 0520     	 movs r0,#5
 1024 013e FFF7FEFF 	 bl MBX_error
 1025 0142 2F70     	 strb r7,[r5]
 1026              	.L110:
 1027 0144 7379     	 ldrb r3,[r6,#5]
 1028 0146 13F0F00F 	 tst r3,#240
 1029 014a C3F30312 	 ubfx r2,r3,#4,#4
 1030 014e 4FEA1311 	 lsr r1,r3,#4
 1031 0152 05D0     	 beq .L111
 1032 0154 94F88730 	 ldrb r3,[r4,#135]
 1033 0158 9942     	 cmp r1,r3
 1034 015a 04BF     	 itt eq
 1035 015c 0023     	 moveq r3,#0
 1036 015e 2B70     	 strbeq r3,[r5]
 1037              	.L111:
 1038 0160 84F88720 	 strb r2,[r4,#135]
 1039 0164 0120     	 movs r0,#1
 1040 0166 81E7     	 b .L97
 1041              	.L142:
 1042              	 .align 2
 1043              	.L141:
 1044 0168 00000000 	 .word ESCvar
 1045 016c 00000000 	 .word MBXcontrol
 1046 0170 00000000 	 .word MBX
 1048              	 .section .text.ESC_xoeprocess,"ax",%progbits
 1049              	 .align 1
 1050              	 .global ESC_xoeprocess
 1051              	 .syntax unified
 1052              	 .thumb
 1053              	 .thumb_func
 1054              	 .fpu fpv4-sp-d16
 1056              	ESC_xoeprocess:
 1057              	 
 1058              	 
 1059 0000 10B5     	 push {r4,lr}
 1060 0002 0C4B     	 ldr r3,.L155
 1061 0004 93F86420 	 ldrb r2,[r3,#100]
 1062 0008 8AB1     	 cbz r2,.L143
 1063 000a 93F88A30 	 ldrb r3,[r3,#138]
 1064 000e 73B9     	 cbnz r3,.L143
 1065 0010 094C     	 ldr r4,.L155+4
 1066 0012 2278     	 ldrb r2,[r4]
 1067 0014 012A     	 cmp r2,#1
 1068 0016 0AD1     	 bne .L143
 1069 0018 084B     	 ldr r3,.L155+8
 1070 001a 5A79     	 ldrb r2,[r3,#5]
 1071 001c 1207     	 lsls r2,r2,#28
 1072 001e 01D0     	 beq .L145
 1073 0020 1B88     	 ldrh r3,[r3]
 1074 0022 2BB9     	 cbnz r3,.L146
 1075              	.L145:
 1076 0024 0520     	 movs r0,#5
 1077              	.L154:
 1078 0026 FFF7FEFF 	 bl MBX_error
 1079 002a 0023     	 movs r3,#0
 1080 002c 2370     	 strb r3,[r4]
 1081              	.L143:
 1082 002e 10BD     	 pop {r4,pc}
 1083              	.L146:
 1084 0030 0220     	 movs r0,#2
 1085 0032 F8E7     	 b .L154
 1086              	.L156:
 1087              	 .align 2
 1088              	.L155:
 1089 0034 00000000 	 .word ESCvar
 1090 0038 00000000 	 .word MBXcontrol
 1091 003c 00000000 	 .word MBX
 1093              	 .section .text.ESC_checkSM23,"ax",%progbits
 1094              	 .align 1
 1095              	 .global ESC_checkSM23
 1096              	 .syntax unified
 1097              	 .thumb
 1098              	 .thumb_func
 1099              	 .fpu fpv4-sp-d16
 1101              	ESC_checkSM23:
 1102              	 
 1103              	 
 1104 0000 38B5     	 push {r3,r4,r5,lr}
 1105 0002 204C     	 ldr r4,.L163
 1106 0004 2049     	 ldr r1,.L163+4
 1107 0006 0546     	 mov r5,r0
 1108 0008 0822     	 movs r2,#8
 1109 000a 4FF40160 	 mov r0,#2064
 1110 000e FFF7FEFF 	 bl ESC_read
 1111 0012 B4F8C430 	 ldrh r3,[r4,#196]
 1112 0016 B3F5885F 	 cmp r3,#4352
 1113 001a 0DD1     	 bne .L158
 1114 001c B4F8C620 	 ldrh r2,[r4,#198]
 1115 0020 B4F87430 	 ldrh r3,[r4,#116]
 1116 0024 9342     	 cmp r3,r2
 1117 0026 07D1     	 bne .L158
 1118 0028 94F8C820 	 ldrb r2,[r4,#200]
 1119 002c 242A     	 cmp r2,#36
 1120 002e 03D1     	 bne .L158
 1121 0030 94F8CA20 	 ldrb r2,[r4,#202]
 1122 0034 D207     	 lsls r2,r2,#31
 1123 0036 05D4     	 bmi .L159
 1124              	.L158:
 1125 0038 0423     	 movs r3,#4
 1126              	.L162:
 1127 003a 84F8AC30 	 strb r3,[r4,#172]
 1128 003e 1225     	 movs r5,#18
 1129              	.L160:
 1130 0040 2846     	 mov r0,r5
 1131 0042 38BD     	 pop {r3,r4,r5,pc}
 1132              	.L159:
 1133 0044 03EB4303 	 add r3,r3,r3,lsl#1
 1134 0048 802B     	 cmp r3,#128
 1135 004a F5DC     	 bgt .L158
 1136 004c 0822     	 movs r2,#8
 1137 004e 04F1CC01 	 add r1,r4,#204
 1138 0052 40F61800 	 movw r0,#2072
 1139 0056 FFF7FEFF 	 bl ESC_read
 1140 005a B4F8CC30 	 ldrh r3,[r4,#204]
 1141 005e B3F58C5F 	 cmp r3,#4480
 1142 0062 0DD1     	 bne .L161
 1143 0064 B4F8CE20 	 ldrh r2,[r4,#206]
 1144 0068 B4F87630 	 ldrh r3,[r4,#118]
 1145 006c 9A42     	 cmp r2,r3
 1146 006e 07D1     	 bne .L161
 1147 0070 94F8D030 	 ldrb r3,[r4,#208]
 1148 0074 202B     	 cmp r3,#32
 1149 0076 03D1     	 bne .L161
 1150 0078 94F8D230 	 ldrb r3,[r4,#210]
 1151 007c DB07     	 lsls r3,r3,#31
 1152 007e DFD4     	 bmi .L160
 1153              	.L161:
 1154 0080 0823     	 movs r3,#8
 1155 0082 DAE7     	 b .L162
 1156              	.L164:
 1157              	 .align 2
 1158              	.L163:
 1159 0084 00000000 	 .word ESCvar
 1160 0088 C4000000 	 .word ESCvar+196
 1162              	 .section .text.ESC_startinput,"ax",%progbits
 1163              	 .align 1
 1164              	 .global ESC_startinput
 1165              	 .syntax unified
 1166              	 .thumb
 1167              	 .thumb_func
 1168              	 .fpu fpv4-sp-d16
 1170              	ESC_startinput:
 1171              	 
 1172              	 
 1173 0000 38B5     	 push {r3,r4,r5,lr}
 1174 0002 FFF7FEFF 	 bl ESC_checkSM23
 1175 0006 1228     	 cmp r0,#18
 1176 0008 204D     	 ldr r5,.L183
 1177 000a 0446     	 mov r4,r0
 1178 000c 22D0     	 beq .L166
 1179 000e 0320     	 movs r0,#3
 1180 0010 FFF7FEFF 	 bl ESC_SMenable
 1181 0014 BFF35B8F 	 dmb ish
 1182 0018 0122     	 movs r2,#1
 1183 001a 85F8DF20 	 strb r2,[r5,#223]
 1184 001e BFF35B8F 	 dmb ish
 1185              	.L167:
 1186 0022 2B68     	 ldr r3,[r5]
 1187 0024 A3B1     	 cbz r3,.L169
 1188 0026 122C     	 cmp r4,#18
 1189 0028 12D0     	 beq .L169
 1190 002a FFF7FEFF 	 bl ESC_checkDC
 1191 002e 00B3     	 cbz r0,.L170
 1192 0030 FFF7FEFF 	 bl ESC_ALerror
 1193 0034 0220     	 movs r0,#2
 1194 0036 FFF7FEFF 	 bl ESC_SMdisable
 1195 003a 0320     	 movs r0,#3
 1196 003c FFF7FEFF 	 bl ESC_SMdisable
 1197 0040 BFF35B8F 	 dmb ish
 1198 0044 0023     	 movs r3,#0
 1199 0046 85F8DF30 	 strb r3,[r5,#223]
 1200 004a 1224     	 movs r4,#18
 1201 004c BFF35B8F 	 dmb ish
 1202              	.L169:
 1203 0050 2046     	 mov r0,r4
 1204 0052 38BD     	 pop {r3,r4,r5,pc}
 1205              	.L166:
 1206 0054 0220     	 movs r0,#2
 1207 0056 FFF7FEFF 	 bl ESC_SMdisable
 1208 005a 0320     	 movs r0,#3
 1209 005c FFF7FEFF 	 bl ESC_SMdisable
 1210 0060 95F8AC30 	 ldrb r3,[r5,#172]
 1211 0064 1B07     	 lsls r3,r3,#28
 1212 0066 4CBF     	 ite mi
 1213 0068 1E20     	 movmi r0,#30
 1214 006a 1D20     	 movpl r0,#29
 1215 006c FFF7FEFF 	 bl ESC_ALerror
 1216 0070 D7E7     	 b .L167
 1217              	.L170:
 1218 0072 6B6D     	 ldr r3,[r5,#84]
 1219 0074 002B     	 cmp r3,#0
 1220 0076 EBD0     	 beq .L169
 1221 0078 95F87820 	 ldrb r2,[r5,#120]
 1222 007c 1AB1     	 cbz r2,.L171
 1223 007e 40F20440 	 movw r0,#1028
 1224              	.L182:
 1225 0082 9847     	 blx r3
 1226 0084 E4E7     	 b .L169
 1227              	.L171:
 1228 0086 4FF48060 	 mov r0,#1024
 1229 008a FAE7     	 b .L182
 1230              	.L184:
 1231              	 .align 2
 1232              	.L183:
 1233 008c 00000000 	 .word ESCvar
 1235              	 .section .text.ESC_stopinput,"ax",%progbits
 1236              	 .align 1
 1237              	 .global ESC_stopinput
 1238              	 .syntax unified
 1239              	 .thumb
 1240              	 .thumb_func
 1241              	 .fpu fpv4-sp-d16
 1243              	ESC_stopinput:
 1244              	 
 1245              	 
 1246 0000 70B5     	 push {r4,r5,r6,lr}
 1247 0002 0D4D     	 ldr r5,.L193
 1248 0004 BFF35B8F 	 dmb ish
 1249 0008 2C46     	 mov r4,r5
 1250 000a 0023     	 movs r3,#0
 1251 000c 04F8DF39 	 strb r3,[r4],#-223
 1252 0010 0320     	 movs r0,#3
 1253 0012 BFF35B8F 	 dmb ish
 1254 0016 FFF7FEFF 	 bl ESC_SMdisable
 1255 001a 0220     	 movs r0,#2
 1256 001c FFF7FEFF 	 bl ESC_SMdisable
 1257 0020 55F8DF3C 	 ldr r3,[r5,#-223]
 1258 0024 33B1     	 cbz r3,.L185
 1259 0026 A36D     	 ldr r3,[r4,#88]
 1260 0028 23B1     	 cbz r3,.L185
 1261 002a BDE87040 	 pop {r4,r5,r6,lr}
 1262 002e 40F20440 	 movw r0,#1028
 1263 0032 1847     	 bx r3
 1264              	.L185:
 1265 0034 70BD     	 pop {r4,r5,r6,pc}
 1266              	.L194:
 1267 0036 00BF     	 .align 2
 1268              	.L193:
 1269 0038 DF000000 	 .word ESCvar+223
 1271              	 .section .text.ESC_startoutput,"ax",%progbits
 1272              	 .align 1
 1273              	 .global ESC_startoutput
 1274              	 .syntax unified
 1275              	 .thumb
 1276              	 .thumb_func
 1277              	 .fpu fpv4-sp-d16
 1279              	ESC_startoutput:
 1280              	 
 1281              	 
 1282 0000 10B5     	 push {r4,lr}
 1283 0002 0446     	 mov r4,r0
 1284 0004 0220     	 movs r0,#2
 1285 0006 FFF7FEFF 	 bl ESC_SMenable
 1286 000a BFF35B8F 	 dmb ish
 1287 000e 064B     	 ldr r3,.L197
 1288              	.L196:
 1289 0010 D3E84F2F 	 ldrexb r2,[r3]
 1290 0014 42F00202 	 orr r2,r2,#2
 1291 0018 C3E8412F 	 strexb r1,r2,[r3]
 1292 001c 0029     	 cmp r1,#0
 1293 001e F7D1     	 bne .L196
 1294 0020 BFF35B8F 	 dmb ish
 1295 0024 2046     	 mov r0,r4
 1296 0026 10BD     	 pop {r4,pc}
 1297              	.L198:
 1298              	 .align 2
 1299              	.L197:
 1300 0028 DF000000 	 .word ESCvar+223
 1302              	 .section .text.ESC_stopoutput,"ax",%progbits
 1303              	 .align 1
 1304              	 .global ESC_stopoutput
 1305              	 .syntax unified
 1306              	 .thumb
 1307              	 .thumb_func
 1308              	 .fpu fpv4-sp-d16
 1310              	ESC_stopoutput:
 1311              	 
 1312              	 
 1313 0000 08B5     	 push {r3,lr}
 1314 0002 0A4B     	 ldr r3,.L201
 1315 0004 BFF35B8F 	 dmb ish
 1316              	.L200:
 1317 0008 D3E84F2F 	 ldrexb r2,[r3]
 1318 000c 02F00102 	 and r2,r2,#1
 1319 0010 C3E8412F 	 strexb r1,r2,[r3]
 1320 0014 0029     	 cmp r1,#0
 1321 0016 F7D1     	 bne .L200
 1322 0018 BFF35B8F 	 dmb ish
 1323 001c 0220     	 movs r0,#2
 1324 001e FFF7FEFF 	 bl ESC_SMdisable
 1325 0022 BDE80840 	 pop {r3,lr}
 1326 0026 FFF7FEBF 	 b APP_safeoutput
 1327              	.L202:
 1328 002a 00BF     	 .align 2
 1329              	.L201:
 1330 002c DF000000 	 .word ESCvar+223
 1332              	 .section .text.ESC_ALstatusgotoerror,"ax",%progbits
 1333              	 .align 1
 1334              	 .global ESC_ALstatusgotoerror
 1335              	 .syntax unified
 1336              	 .thumb
 1337              	 .thumb_func
 1338              	 .fpu fpv4-sp-d16
 1340              	ESC_ALstatusgotoerror:
 1341              	 
 1342              	 
 1343 0000 0207     	 lsls r2,r0,#28
 1344 0002 73B5     	 push {r0,r1,r4,r5,r6,lr}
 1345 0004 0446     	 mov r4,r0
 1346 0006 0E46     	 mov r6,r1
 1347 0008 2AD4     	 bmi .L203
 1348 000a 164D     	 ldr r5,.L217
 1349 000c 95F87C30 	 ldrb r3,[r5,#124]
 1350 0010 03F00F03 	 and r3,r3,#15
 1351 0014 8DF80630 	 strb r3,[sp,#6]
 1352 0018 43EA0013 	 orr r3,r3,r0,lsl#4
 1353 001c 8DF80730 	 strb r3,[sp,#7]
 1354 0020 EB6A     	 ldr r3,[r5,#44]
 1355 0022 23B1     	 cbz r3,.L205
 1356 0024 0DF10601 	 add r1,sp,#6
 1357 0028 0DF10700 	 add r0,sp,#7
 1358 002c 9847     	 blx r3
 1359              	.L205:
 1360 002e BFF35B8F 	 dmb ish
 1361 0032 0D4B     	 ldr r3,.L217+4
 1362 0034 1B78     	 ldrb r3,[r3]
 1363 0036 BFF35B8F 	 dmb ish
 1364 003a 9B07     	 lsls r3,r3,#30
 1365 003c 01D5     	 bpl .L206
 1366 003e FFF7FEFF 	 bl ESC_stopoutput
 1367              	.L206:
 1368 0042 3046     	 mov r0,r6
 1369 0044 FFF7FEFF 	 bl ESC_ALerror
 1370 0048 2046     	 mov r0,r4
 1371 004a FFF7FEFF 	 bl ESC_ALstatus
 1372 004e 2B6B     	 ldr r3,[r5,#48]
 1373 0050 8DF80640 	 strb r4,[sp,#6]
 1374 0054 23B1     	 cbz r3,.L203
 1375 0056 0DF10601 	 add r1,sp,#6
 1376 005a 0DF10700 	 add r0,sp,#7
 1377 005e 9847     	 blx r3
 1378              	.L203:
 1379 0060 02B0     	 add sp,sp,#8
 1380              	 
 1381 0062 70BD     	 pop {r4,r5,r6,pc}
 1382              	.L218:
 1383              	 .align 2
 1384              	.L217:
 1385 0064 00000000 	 .word ESCvar
 1386 0068 DF000000 	 .word ESCvar+223
 1388              	 .section .text.ESC_sm_act_event,"ax",%progbits
 1389              	 .align 1
 1390              	 .global ESC_sm_act_event
 1391              	 .syntax unified
 1392              	 .thumb
 1393              	 .thumb_func
 1394              	 .fpu fpv4-sp-d16
 1396              	ESC_sm_act_event:
 1397              	 
 1398              	 
 1399 0000 2DE9F041 	 push {r4,r5,r6,r7,r8,lr}
 1400 0004 384C     	 ldr r4,.L255
 1401 0006 B4F8DC30 	 ldrh r3,[r4,#220]
 1402 000a D806     	 lsls r0,r3,#27
 1403 000c 6AD5     	 bpl .L219
 1404 000e 94F87E20 	 ldrb r2,[r4,#126]
 1405 0012 94F87C30 	 ldrb r3,[r4,#124]
 1406 0016 D106     	 lsls r1,r2,#27
 1407 0018 03F01F05 	 and r5,r3,#31
 1408 001c 03D4     	 bmi .L222
 1409 001e 02F01F07 	 and r7,r2,#31
 1410 0022 012F     	 cmp r7,#1
 1411 0024 31D1     	 bne .L231
 1412              	.L222:
 1413 0026 02F00F07 	 and r7,r2,#15
 1414 002a 03F00F08 	 and r8,r3,#15
 1415              	.L223:
 1416 002e 13F00E0F 	 tst r3,#14
 1417 0032 3DD0     	 beq .L224
 1418 0034 032D     	 cmp r5,#3
 1419 0036 3BD0     	 beq .L224
 1420 0038 94F86430 	 ldrb r3,[r4,#100]
 1421 003c C3B3     	 cbz r3,.L224
 1422 003e 2846     	 mov r0,r5
 1423 0040 FFF7FEFF 	 bl ESC_checkmbx
 1424 0044 0646     	 mov r6,r0
 1425 0046 2846     	 mov r0,r5
 1426 0048 FFF7FEFF 	 bl ESC_checkSM23
 1427 004c 18F0100F 	 tst r8,#16
 1428 0050 01D0     	 beq .L225
 1429 0052 FA06     	 lsls r2,r7,#27
 1430 0054 46D5     	 bpl .L219
 1431              	.L225:
 1432 0056 BFF35B8F 	 dmb ish
 1433 005a 244B     	 ldr r3,.L255+4
 1434 005c 112E     	 cmp r6,#17
 1435 005e 1B78     	 ldrb r3,[r3]
 1436 0060 BFF35B8F 	 dmb ish
 1437 0064 13D1     	 bne .L227
 1438 0066 1BB1     	 cbz r3,.L228
 1439 0068 FFF7FEFF 	 bl ESC_stopoutput
 1440 006c FFF7FEFF 	 bl ESC_stopinput
 1441              	.L228:
 1442 0070 FFF7FEFF 	 bl ESC_stopmbx
 1443 0074 1620     	 movs r0,#22
 1444 0076 FFF7FEFF 	 bl ESC_ALerror
 1445 007a 0023     	 movs r3,#0
 1446 007c 84F86430 	 strb r3,[r4,#100]
 1447 0080 1120     	 movs r0,#17
 1448              	.L254:
 1449 0082 BDE8F041 	 pop {r4,r5,r6,r7,r8,lr}
 1450 0086 FFF7FEBF 	 b ESC_ALstatus
 1451              	.L231:
 1452 008a A846     	 mov r8,r5
 1453 008c CFE7     	 b .L223
 1454              	.L227:
 1455 008e 4BB3     	 cbz r3,.L219
 1456 0090 1228     	 cmp r0,#18
 1457 0092 27D1     	 bne .L219
 1458 0094 FFF7FEFF 	 bl ESC_stopoutput
 1459 0098 FFF7FEFF 	 bl ESC_stopinput
 1460 009c 94F8AC30 	 ldrb r3,[r4,#172]
 1461 00a0 1B07     	 lsls r3,r3,#28
 1462 00a2 4CBF     	 ite mi
 1463 00a4 1E20     	 movmi r0,#30
 1464 00a6 1D20     	 movpl r0,#29
 1465 00a8 FFF7FEFF 	 bl ESC_ALerror
 1466 00ac 1220     	 movs r0,#18
 1467 00ae E8E7     	 b .L254
 1468              	.L224:
 1469 00b0 0020     	 movs r0,#0
 1470 00b2 FFF7FEFF 	 bl ESC_SMack
 1471 00b6 0120     	 movs r0,#1
 1472 00b8 FFF7FEFF 	 bl ESC_SMack
 1473 00bc 0220     	 movs r0,#2
 1474 00be FFF7FEFF 	 bl ESC_SMack
 1475 00c2 0320     	 movs r0,#3
 1476 00c4 FFF7FEFF 	 bl ESC_SMack
 1477 00c8 0420     	 movs r0,#4
 1478 00ca FFF7FEFF 	 bl ESC_SMack
 1479 00ce 0520     	 movs r0,#5
 1480 00d0 FFF7FEFF 	 bl ESC_SMack
 1481 00d4 0620     	 movs r0,#6
 1482 00d6 FFF7FEFF 	 bl ESC_SMack
 1483 00da BDE8F041 	 pop {r4,r5,r6,r7,r8,lr}
 1484 00de 0720     	 movs r0,#7
 1485 00e0 FFF7FEBF 	 b ESC_SMack
 1486              	.L219:
 1487 00e4 BDE8F081 	 pop {r4,r5,r6,r7,r8,pc}
 1488              	.L256:
 1489              	 .align 2
 1490              	.L255:
 1491 00e8 00000000 	 .word ESCvar
 1492 00ec DF000000 	 .word ESCvar+223
 1494              	 .section .text.ESC_state,"ax",%progbits
 1495              	 .align 1
 1496              	 .global ESC_state
 1497              	 .syntax unified
 1498              	 .thumb
 1499              	 .thumb_func
 1500              	 .fpu fpv4-sp-d16
 1502              	ESC_state:
 1503              	 
 1504              	 
 1505 0000 37B5     	 push {r0,r1,r2,r4,r5,lr}
 1506 0002 B14C     	 ldr r4,.L308
 1507 0004 B4F8DC30 	 ldrh r3,[r4,#220]
 1508 0008 DD07     	 lsls r5,r3,#31
 1509 000a 47D5     	 bpl .L257
 1510 000c 0222     	 movs r2,#2
 1511 000e 04F17E01 	 add r1,r4,#126
 1512 0012 4FF49070 	 mov r0,#288
 1513 0016 FFF7FEFF 	 bl ESC_read
 1514 001a 94F87E10 	 ldrb r1,[r4,#126]
 1515 001e 94F87C20 	 ldrb r2,[r4,#124]
 1516 0022 C806     	 lsls r0,r1,#27
 1517 0024 02F01F03 	 and r3,r2,#31
 1518 0028 8DF80630 	 strb r3,[sp,#6]
 1519 002c 03D4     	 bmi .L259
 1520 002e 01F01F05 	 and r5,r1,#31
 1521 0032 012D     	 cmp r5,#1
 1522 0034 30D1     	 bne .L260
 1523              	.L259:
 1524 0036 02F00F02 	 and r2,r2,#15
 1525 003a 01F00F05 	 and r5,r1,#15
 1526 003e 8DF80620 	 strb r2,[sp,#6]
 1527              	.L261:
 1528 0042 03F00F03 	 and r3,r3,#15
 1529 0046 43EA0513 	 orr r3,r3,r5,lsl#4
 1530 004a 8DF80730 	 strb r3,[sp,#7]
 1531 004e E36A     	 ldr r3,[r4,#44]
 1532 0050 23B1     	 cbz r3,.L262
 1533 0052 0DF10601 	 add r1,sp,#6
 1534 0056 0DF10700 	 add r0,sp,#7
 1535 005a 9847     	 blx r3
 1536              	.L262:
 1537 005c 9DF80730 	 ldrb r3,[sp,#7]
 1538 0060 482B     	 cmp r3,#72
 1539 0062 00F29380 	 bhi .L263
 1540 0066 102B     	 cmp r3,#16
 1541 0068 1AD8     	 bhi .L264
 1542              	.L265:
 1543 006a 9DF80630 	 ldrb r3,[sp,#6]
 1544 006e 082B     	 cmp r3,#8
 1545 0070 04D1     	 bne .L286
 1546 0072 FFF7FEFF 	 bl ESC_stopoutput
 1547 0076 0423     	 movs r3,#4
 1548 0078 8DF80630 	 strb r3,[sp,#6]
 1549              	.L286:
 1550 007c 9DF80730 	 ldrb r3,[sp,#7]
 1551 0080 042B     	 cmp r3,#4
 1552 0082 01D1     	 bne .L287
 1553 0084 FFF7FEFF 	 bl ESC_stopinput
 1554              	.L287:
 1555 0088 9DF80630 	 ldrb r3,[sp,#6]
 1556 008c 43F01003 	 orr r3,r3,#16
 1557 0090 8DF80630 	 strb r3,[sp,#6]
 1558 0094 1220     	 movs r0,#18
 1559 0096 BDE0     	 b .L305
 1560              	.L260:
 1561 0098 D206     	 lsls r2,r2,#27
 1562 009a D2D5     	 bpl .L261
 1563              	.L257:
 1564 009c 03B0     	 add sp,sp,#12
 1565              	 
 1566 009e 30BD     	 pop {r4,r5,pc}
 1567              	.L264:
 1568 00a0 113B     	 subs r3,r3,#17
 1569 00a2 372B     	 cmp r3,#55
 1570 00a4 E1D8     	 bhi .L265
 1571 00a6 01A2     	 adr r2,.L272
 1572 00a8 52F823F0 	 ldr pc,[r2,r3,lsl#2]
 1573              	 .p2align 2
 1574              	.L272:
 1575 00ac D7010000 	 .word .L266+1
 1576 00b0 23020000 	 .word .L282+1
 1577 00b4 23020000 	 .word .L282+1
 1578 00b8 1F020000 	 .word .L281+1
 1579 00bc 6B000000 	 .word .L265+1
 1580 00c0 6B000000 	 .word .L265+1
 1581 00c4 6B000000 	 .word .L265+1
 1582 00c8 1B020000 	 .word .L280+1
 1583 00cc 6B000000 	 .word .L265+1
 1584 00d0 6B000000 	 .word .L265+1
 1585 00d4 6B000000 	 .word .L265+1
 1586 00d8 6B000000 	 .word .L265+1
 1587 00dc 6B000000 	 .word .L265+1
 1588 00e0 6B000000 	 .word .L265+1
 1589 00e4 6B000000 	 .word .L265+1
 1590 00e8 6B000000 	 .word .L265+1
 1591 00ec C9010000 	 .word .L279+1
 1592 00f0 D7010000 	 .word .L266+1
 1593 00f4 2F020000 	 .word .L269+1
 1594 00f8 9B020000 	 .word .L278+1
 1595 00fc 6B000000 	 .word .L265+1
 1596 0100 6B000000 	 .word .L265+1
 1597 0104 6B000000 	 .word .L265+1
 1598 0108 97020000 	 .word .L277+1
 1599 010c 6B000000 	 .word .L265+1
 1600 0110 6B000000 	 .word .L265+1
 1601 0114 6B000000 	 .word .L265+1
 1602 0118 6B000000 	 .word .L265+1
 1603 011c 6B000000 	 .word .L265+1
 1604 0120 6B000000 	 .word .L265+1
 1605 0124 6B000000 	 .word .L265+1
 1606 0128 6B000000 	 .word .L265+1
 1607 012c 03020000 	 .word .L276+1
 1608 0130 2F020000 	 .word .L269+1
 1609 0134 03020000 	 .word .L276+1
 1610 0138 A3020000 	 .word .L275+1
 1611 013c 6B000000 	 .word .L265+1
 1612 0140 6B000000 	 .word .L265+1
 1613 0144 6B000000 	 .word .L265+1
 1614 0148 AF020000 	 .word .L274+1
 1615 014c 6B000000 	 .word .L265+1
 1616 0150 6B000000 	 .word .L265+1
 1617 0154 6B000000 	 .word .L265+1
 1618 0158 6B000000 	 .word .L265+1
 1619 015c 6B000000 	 .word .L265+1
 1620 0160 6B000000 	 .word .L265+1
 1621 0164 6B000000 	 .word .L265+1
 1622 0168 6B000000 	 .word .L265+1
 1623 016c 0F020000 	 .word .L270+1
 1624 0170 39020000 	 .word .L273+1
 1625 0174 2F020000 	 .word .L269+1
 1626 0178 39020000 	 .word .L273+1
 1627 017c 6B000000 	 .word .L265+1
 1628 0180 6B000000 	 .word .L265+1
 1629 0184 6B000000 	 .word .L265+1
 1630 0188 C1020000 	 .word .L271+1
 1631              	 .p2align 1
 1632              	.L263:
 1633 018c 03F17F02 	 add r2,r3,#127
 1634 0190 D2B2     	 uxtb r2,r2
 1635 0192 072A     	 cmp r2,#7
 1636 0194 3FF669AF 	 bhi .L265
 1637 0198 813B     	 subs r3,r3,#129
 1638 019a 072B     	 cmp r3,#7
 1639 019c 3FF665AF 	 bhi .L265
 1640 01a0 01A2     	 adr r2,.L267
 1641 01a2 52F823F0 	 ldr pc,[r2,r3,lsl#2]
 1642 01a6 00BF     	 .p2align 2
 1643              	.L267:
 1644 01a8 0F020000 	 .word .L270+1
 1645 01ac 2F020000 	 .word .L269+1
 1646 01b0 2F020000 	 .word .L269+1
 1647 01b4 A7020000 	 .word .L268+1
 1648 01b8 6B000000 	 .word .L265+1
 1649 01bc 6B000000 	 .word .L265+1
 1650 01c0 6B000000 	 .word .L265+1
 1651 01c4 D7010000 	 .word .L266+1
 1652              	 .p2align 1
 1653              	.L279:
 1654 01c8 FFF7FEFF 	 bl ESC_address
 1655 01cc 2846     	 mov r0,r5
 1656 01ce FFF7FEFF 	 bl ESC_startmbx
 1657              	.L304:
 1658 01d2 8DF80600 	 strb r0,[sp,#6]
 1659              	.L266:
 1660 01d6 236B     	 ldr r3,[r4,#48]
 1661 01d8 23B1     	 cbz r3,.L288
 1662 01da 0DF10601 	 add r1,sp,#6
 1663 01de 0DF10700 	 add r0,sp,#7
 1664 01e2 9847     	 blx r3
 1665              	.L288:
 1666 01e4 9DF80600 	 ldrb r0,[sp,#6]
 1667 01e8 10F01000 	 ands r0,r0,#16
 1668 01ec 04D1     	 bne .L289
 1669 01ee B4F88030 	 ldrh r3,[r4,#128]
 1670 01f2 0BB1     	 cbz r3,.L289
 1671 01f4 FFF7FEFF 	 bl ESC_ALerror
 1672              	.L289:
 1673 01f8 9DF80600 	 ldrb r0,[sp,#6]
 1674 01fc FFF7FEFF 	 bl ESC_ALstatus
 1675 0200 4CE7     	 b .L257
 1676              	.L276:
 1677 0202 FFF7FEFF 	 bl ESC_address
 1678 0206 2846     	 mov r0,r5
 1679 0208 FFF7FEFF 	 bl ESC_startmbxboot
 1680 020c E1E7     	 b .L304
 1681              	.L270:
 1682 020e 1120     	 movs r0,#17
 1683 0210 8DF80600 	 strb r0,[sp,#6]
 1684              	.L305:
 1685 0214 FFF7FEFF 	 bl ESC_ALerror
 1686 0218 DDE7     	 b .L266
 1687              	.L280:
 1688 021a FFF7FEFF 	 bl ESC_stopoutput
 1689              	.L281:
 1690 021e FFF7FEFF 	 bl ESC_stopinput
 1691              	.L282:
 1692 0222 FFF7FEFF 	 bl ESC_stopmbx
 1693 0226 0123     	 movs r3,#1
 1694              	.L306:
 1695 0228 8DF80630 	 strb r3,[sp,#6]
 1696 022c D3E7     	 b .L266
 1697              	.L269:
 1698 022e 1223     	 movs r3,#18
 1699              	.L307:
 1700 0230 8DF80630 	 strb r3,[sp,#6]
 1701 0234 1120     	 movs r0,#17
 1702 0236 EDE7     	 b .L305
 1703              	.L273:
 1704 0238 0023     	 movs r3,#0
 1705 023a 244A     	 ldr r2,.L308+4
 1706 023c 2449     	 ldr r1,.L308+8
 1707 023e 41F61240 	 movw r0,#7186
 1708 0242 FFF7FEFF 	 bl sizeOfPDO
 1709 0246 D4F8A430 	 ldr r3,[r4,#164]
 1710 024a A4F87400 	 strh r0,[r4,#116]
 1711 024e 002B     	 cmp r3,#0
 1712 0250 04DA     	 bge .L284
 1713 0252 1223     	 movs r3,#18
 1714 0254 8DF80630 	 strb r3,[sp,#6]
 1715 0258 1D20     	 movs r0,#29
 1716 025a DBE7     	 b .L305
 1717              	.L284:
 1718 025c 0023     	 movs r3,#0
 1719 025e 1D4A     	 ldr r2,.L308+12
 1720 0260 1D49     	 ldr r1,.L308+16
 1721 0262 41F61340 	 movw r0,#7187
 1722 0266 FFF7FEFF 	 bl sizeOfPDO
 1723 026a D4F8A830 	 ldr r3,[r4,#168]
 1724 026e A4F87600 	 strh r0,[r4,#118]
 1725 0272 002B     	 cmp r3,#0
 1726 0274 04DA     	 bge .L285
 1727 0276 1223     	 movs r3,#18
 1728 0278 8DF80630 	 strb r3,[sp,#6]
 1729 027c 1E20     	 movs r0,#30
 1730 027e C9E7     	 b .L305
 1731              	.L285:
 1732 0280 2846     	 mov r0,r5
 1733 0282 FFF7FEFF 	 bl ESC_startinput
 1734 0286 A842     	 cmp r0,r5
 1735 0288 8DF80600 	 strb r0,[sp,#6]
 1736 028c A3D1     	 bne .L266
 1737 028e 0220     	 movs r0,#2
 1738 0290 FFF7FEFF 	 bl ESC_SMenable
 1739 0294 9FE7     	 b .L266
 1740              	.L277:
 1741 0296 FFF7FEFF 	 bl ESC_stopoutput
 1742              	.L278:
 1743 029a FFF7FEFF 	 bl ESC_stopinput
 1744 029e 0223     	 movs r3,#2
 1745 02a0 C2E7     	 b .L306
 1746              	.L275:
 1747 02a2 1423     	 movs r3,#20
 1748 02a4 C4E7     	 b .L307
 1749              	.L268:
 1750 02a6 2846     	 mov r0,r5
 1751 02a8 FFF7FEFF 	 bl ESC_startoutput
 1752 02ac 91E7     	 b .L304
 1753              	.L274:
 1754 02ae 1423     	 movs r3,#20
 1755 02b0 1120     	 movs r0,#17
 1756 02b2 8DF80630 	 strb r3,[sp,#6]
 1757 02b6 FFF7FEFF 	 bl ESC_ALerror
 1758              	.L303:
 1759 02ba FFF7FEFF 	 bl ESC_stopoutput
 1760 02be 8AE7     	 b .L266
 1761              	.L271:
 1762 02c0 0423     	 movs r3,#4
 1763 02c2 8DF80630 	 strb r3,[sp,#6]
 1764 02c6 F8E7     	 b .L303
 1765              	.L309:
 1766              	 .align 2
 1767              	.L308:
 1768 02c8 00000000 	 .word ESCvar
 1769 02cc 00000000 	 .word SMmap2
 1770 02d0 A4000000 	 .word ESCvar+164
 1771 02d4 00000000 	 .word SMmap3
 1772 02d8 A8000000 	 .word ESCvar+168
 1774              	 .section .text.ESC_config,"ax",%progbits
 1775              	 .align 1
 1776              	 .global ESC_config
 1777              	 .syntax unified
 1778              	 .thumb
 1779              	 .thumb_func
 1780              	 .fpu fpv4-sp-d16
 1782              	ESC_config:
 1783              	 
 1784              	 
 1785 0000 204B     	 ldr r3,.L311
 1786 0002 4168     	 ldr r1,[r0,#4]
 1787 0004 10B5     	 push {r4,lr}
 1788 0006 1960     	 str r1,[r3]
 1789 0008 8168     	 ldr r1,[r0,#8]
 1790 000a C3F8D410 	 str r1,[r3,#212]
 1791 000e 1E49     	 ldr r1,.L311+4
 1792 0010 0246     	 mov r2,r0
 1793 0012 0868     	 ldr r0,[r1]
 1794 0014 4968     	 ldr r1,[r1,#4]
 1795 0016 1C1D     	 adds r4,r3,#4
 1796 0018 03C4     	 stmia r4!,{r0,r1}
 1797 001a 1C49     	 ldr r1,.L311+8
 1798 001c 0868     	 ldr r0,[r1]
 1799 001e 4968     	 ldr r1,[r1,#4]
 1800 0020 03F10C04 	 add r4,r3,#12
 1801 0024 03C4     	 stmia r4!,{r0,r1}
 1802 0026 1A49     	 ldr r1,.L311+12
 1803 0028 0868     	 ldr r0,[r1]
 1804 002a 4968     	 ldr r1,[r1,#4]
 1805 002c 03F11404 	 add r4,r3,#20
 1806 0030 03C4     	 stmia r4!,{r0,r1}
 1807 0032 1849     	 ldr r1,.L311+16
 1808 0034 0868     	 ldr r0,[r1]
 1809 0036 4968     	 ldr r1,[r1,#4]
 1810 0038 03F11C04 	 add r4,r3,#28
 1811 003c 03C4     	 stmia r4!,{r0,r1}
 1812 003e 117B     	 ldrb r1,[r2,#12]
 1813 0040 83F82410 	 strb r1,[r3,#36]
 1814 0044 1169     	 ldr r1,[r2,#16]
 1815 0046 9962     	 str r1,[r3,#40]
 1816 0048 5169     	 ldr r1,[r2,#20]
 1817 004a D962     	 str r1,[r3,#44]
 1818 004c 9169     	 ldr r1,[r2,#24]
 1819 004e 1963     	 str r1,[r3,#48]
 1820 0050 D169     	 ldr r1,[r2,#28]
 1821 0052 5963     	 str r1,[r3,#52]
 1822 0054 116A     	 ldr r1,[r2,#32]
 1823 0056 9963     	 str r1,[r3,#56]
 1824 0058 516A     	 ldr r1,[r2,#36]
 1825 005a D963     	 str r1,[r3,#60]
 1826 005c 916A     	 ldr r1,[r2,#40]
 1827 005e 1964     	 str r1,[r3,#64]
 1828 0060 D16A     	 ldr r1,[r2,#44]
 1829 0062 5964     	 str r1,[r3,#68]
 1830 0064 116B     	 ldr r1,[r2,#48]
 1831 0066 9964     	 str r1,[r3,#72]
 1832 0068 516B     	 ldr r1,[r2,#52]
 1833 006a D964     	 str r1,[r3,#76]
 1834 006c 916B     	 ldr r1,[r2,#56]
 1835 006e 1965     	 str r1,[r3,#80]
 1836 0070 D16B     	 ldr r1,[r2,#60]
 1837 0072 5965     	 str r1,[r3,#84]
 1838 0074 116C     	 ldr r1,[r2,#64]
 1839 0076 9965     	 str r1,[r3,#88]
 1840 0078 516C     	 ldr r1,[r2,#68]
 1841 007a 926C     	 ldr r2,[r2,#72]
 1842 007c D965     	 str r1,[r3,#92]
 1843 007e 1A66     	 str r2,[r3,#96]
 1844 0080 10BD     	 pop {r4,pc}
 1845              	.L312:
 1846 0082 00BF     	 .align 2
 1847              	.L311:
 1848 0084 00000000 	 .word ESCvar
 1849 0088 00000000 	 .word .LANCHOR0
 1850 008c 00000000 	 .word .LANCHOR1
 1851 0090 00000000 	 .word mbboot0.6584
 1852 0094 00000000 	 .word mbboot1.6585
 1854              	 .set mbboot1.6585,mb1.6583
 1855              	 .set mbboot0.6584,mb0.6582
 1856              	 .section .rodata.mb0.6582,"a"
 1857              	 .align 1
 1858              	 .set .LANCHOR0,.+0
 1861              	mb0.6582:
 1862 0000 0010     	 .short 4096
 1863 0002 8000     	 .short 128
 1864 0004 7F10     	 .short 4223
 1865 0006 26       	 .byte 38
 1866 0007 00       	 .byte 0
 1867              	 .section .rodata.mb1.6583,"a"
 1868              	 .align 1
 1869              	 .set .LANCHOR1,.+0
 1872              	mb1.6583:
 1873 0000 8010     	 .short 4224
 1874 0002 8000     	 .short 128
 1875 0004 FF10     	 .short 4351
 1876 0006 22       	 .byte 34
 1877 0007 00       	 .byte 0
 1878              	 .ident "GCC: (15:9-2019-q4-0ubuntu1) 9.2.1 20191025 (release) [ARM/arm-9-branch revision 277599]"
DEFINED SYMBOLS
                            *ABS*:0000000000000000 esc.c
    {standard input}:15     .text.ESC_ALerror:0000000000000000 $t
    {standard input}:23     .text.ESC_ALerror:0000000000000000 ESC_ALerror
    {standard input}:40     .text.ESC_ALerror:0000000000000020 $d
    {standard input}:43     .text.ESC_ALstatus:0000000000000000 $t
    {standard input}:50     .text.ESC_ALstatus:0000000000000000 ESC_ALstatus
    {standard input}:67     .text.ESC_ALstatus:0000000000000020 $d
    {standard input}:70     .text.ESC_ALeventmaskwrite:0000000000000000 $t
    {standard input}:77     .text.ESC_ALeventmaskwrite:0000000000000000 ESC_ALeventmaskwrite
    {standard input}:91     .text.ESC_ALeventmaskread:0000000000000000 $t
    {standard input}:98     .text.ESC_ALeventmaskread:0000000000000000 ESC_ALeventmaskread
    {standard input}:112    .text.ESC_ALeventwrite:0000000000000000 $t
    {standard input}:119    .text.ESC_ALeventwrite:0000000000000000 ESC_ALeventwrite
    {standard input}:133    .text.ESC_ALeventread:0000000000000000 $t
    {standard input}:140    .text.ESC_ALeventread:0000000000000000 ESC_ALeventread
    {standard input}:154    .text.ESC_SMack:0000000000000000 $t
    {standard input}:161    .text.ESC_SMack:0000000000000000 ESC_SMack
    {standard input}:175    .text.ESC_SMstatus:0000000000000000 $t
    {standard input}:182    .text.ESC_SMstatus:0000000000000000 ESC_SMstatus
    {standard input}:196    .text.ESC_SMstatus:0000000000000014 $d
    {standard input}:199    .text.ESC_SMwritepdi:0000000000000000 $t
    {standard input}:206    .text.ESC_SMwritepdi:0000000000000000 ESC_SMwritepdi
    {standard input}:220    .text.ESC_SMwritepdi:0000000000000014 $d
    {standard input}:223    .text.ESC_SMenable:0000000000000000 $t
    {standard input}:230    .text.ESC_SMenable:0000000000000000 ESC_SMenable
    {standard input}:243    .text.ESC_SMenable:0000000000000014 $d
    {standard input}:246    .text.ESC_SMdisable:0000000000000000 $t
    {standard input}:253    .text.ESC_SMdisable:0000000000000000 ESC_SMdisable
    {standard input}:266    .text.ESC_SMdisable:0000000000000014 $d
    {standard input}:269    .text.ESC_address:0000000000000000 $t
    {standard input}:276    .text.ESC_address:0000000000000000 ESC_address
    {standard input}:287    .text.ESC_address:000000000000000c $d
    {standard input}:290    .text.ESC_WDstatus:0000000000000000 $t
    {standard input}:297    .text.ESC_WDstatus:0000000000000000 ESC_WDstatus
    {standard input}:311    .text.ESC_SYNCactivation:0000000000000000 $t
    {standard input}:318    .text.ESC_SYNCactivation:0000000000000000 ESC_SYNCactivation
    {standard input}:332    .text.ESC_SYNC0cycletime:0000000000000000 $t
    {standard input}:339    .text.ESC_SYNC0cycletime:0000000000000000 ESC_SYNC0cycletime
    {standard input}:353    .text.ESC_SYNC1cycletime:0000000000000000 $t
    {standard input}:360    .text.ESC_SYNC1cycletime:0000000000000000 ESC_SYNC1cycletime
    {standard input}:374    .text.ESC_checkDC:0000000000000000 $t
    {standard input}:381    .text.ESC_checkDC:0000000000000000 ESC_checkDC
    {standard input}:404    .text.ESC_checkDC:0000000000000028 $d
    {standard input}:407    .text.ESC_checkmbx:0000000000000000 $t
    {standard input}:414    .text.ESC_checkmbx:0000000000000000 ESC_checkmbx
    {standard input}:480    .text.ESC_checkmbx:0000000000000090 $d
    {standard input}:485    .text.ESC_startmbx:0000000000000000 $t
    {standard input}:492    .text.ESC_startmbx:0000000000000000 ESC_startmbx
    {standard input}:533    .text.ESC_startmbx:0000000000000058 $d
    {standard input}:536    .text.ESC_startmbxboot:0000000000000000 $t
    {standard input}:543    .text.ESC_startmbxboot:0000000000000000 ESC_startmbxboot
    {standard input}:584    .text.ESC_startmbxboot:000000000000005c $d
    {standard input}:587    .text.ESC_stopmbx:0000000000000000 $t
    {standard input}:594    .text.ESC_stopmbx:0000000000000000 ESC_stopmbx
    {standard input}:622    .text.ESC_stopmbx:0000000000000044 $d
    {standard input}:626    .text.ESC_readmbx:0000000000000000 $t
    {standard input}:633    .text.ESC_readmbx:0000000000000000 ESC_readmbx
    {standard input}:679    .text.ESC_readmbx:000000000000005c $d
    {standard input}:685    .text.ESC_writembx:0000000000000000 $t
    {standard input}:692    .text.ESC_writembx:0000000000000000 ESC_writembx
    {standard input}:730    .text.ESC_writembx:0000000000000048 $d
    {standard input}:734    .text.ESC_ackmbxread:0000000000000000 $t
    {standard input}:741    .text.ESC_ackmbxread:0000000000000000 ESC_ackmbxread
    {standard input}:761    .text.ESC_ackmbxread:0000000000000024 $d
    {standard input}:764    .text.ESC_claimbuffer:0000000000000000 $t
    {standard input}:771    .text.ESC_claimbuffer:0000000000000000 ESC_claimbuffer
    {standard input}:816    .text.ESC_claimbuffer:0000000000000058 $d
    {standard input}:821    .text.ESC_outreqbuffer:0000000000000000 $t
    {standard input}:828    .text.ESC_outreqbuffer:0000000000000000 ESC_outreqbuffer
    {standard input}:847    .text.ESC_outreqbuffer:0000000000000018 $d
    {standard input}:850    .text.MBX_error:0000000000000000 $t
    {standard input}:857    .text.MBX_error:0000000000000000 MBX_error
    {standard input}:888    .text.MBX_error:0000000000000034 $d
    {standard input}:893    .text.ESC_mbxprocess:0000000000000000 $t
    {standard input}:900    .text.ESC_mbxprocess:0000000000000000 ESC_mbxprocess
    {standard input}:1044   .text.ESC_mbxprocess:0000000000000168 $d
    {standard input}:1049   .text.ESC_xoeprocess:0000000000000000 $t
    {standard input}:1056   .text.ESC_xoeprocess:0000000000000000 ESC_xoeprocess
    {standard input}:1089   .text.ESC_xoeprocess:0000000000000034 $d
    {standard input}:1094   .text.ESC_checkSM23:0000000000000000 $t
    {standard input}:1101   .text.ESC_checkSM23:0000000000000000 ESC_checkSM23
    {standard input}:1159   .text.ESC_checkSM23:0000000000000084 $d
    {standard input}:1163   .text.ESC_startinput:0000000000000000 $t
    {standard input}:1170   .text.ESC_startinput:0000000000000000 ESC_startinput
    {standard input}:1233   .text.ESC_startinput:000000000000008c $d
    {standard input}:1236   .text.ESC_stopinput:0000000000000000 $t
    {standard input}:1243   .text.ESC_stopinput:0000000000000000 ESC_stopinput
    {standard input}:1269   .text.ESC_stopinput:0000000000000038 $d
    {standard input}:1272   .text.ESC_startoutput:0000000000000000 $t
    {standard input}:1279   .text.ESC_startoutput:0000000000000000 ESC_startoutput
    {standard input}:1300   .text.ESC_startoutput:0000000000000028 $d
    {standard input}:1303   .text.ESC_stopoutput:0000000000000000 $t
    {standard input}:1310   .text.ESC_stopoutput:0000000000000000 ESC_stopoutput
    {standard input}:1330   .text.ESC_stopoutput:000000000000002c $d
    {standard input}:1333   .text.ESC_ALstatusgotoerror:0000000000000000 $t
    {standard input}:1340   .text.ESC_ALstatusgotoerror:0000000000000000 ESC_ALstatusgotoerror
    {standard input}:1385   .text.ESC_ALstatusgotoerror:0000000000000064 $d
    {standard input}:1389   .text.ESC_sm_act_event:0000000000000000 $t
    {standard input}:1396   .text.ESC_sm_act_event:0000000000000000 ESC_sm_act_event
    {standard input}:1491   .text.ESC_sm_act_event:00000000000000e8 $d
    {standard input}:1495   .text.ESC_state:0000000000000000 $t
    {standard input}:1502   .text.ESC_state:0000000000000000 ESC_state
    {standard input}:1575   .text.ESC_state:00000000000000ac $d
    {standard input}:1631   .text.ESC_state:000000000000018c $t
    {standard input}:1644   .text.ESC_state:00000000000001a8 $d
    {standard input}:1652   .text.ESC_state:00000000000001c8 $t
    {standard input}:1768   .text.ESC_state:00000000000002c8 $d
    {standard input}:1775   .text.ESC_config:0000000000000000 $t
    {standard input}:1782   .text.ESC_config:0000000000000000 ESC_config
    {standard input}:1848   .text.ESC_config:0000000000000084 $d
                 .rodata.mb0.6582:0000000000000000 mbboot0.6584
                 .rodata.mb1.6583:0000000000000000 mbboot1.6585
    {standard input}:1872   .rodata.mb1.6583:0000000000000000 mb1.6583
    {standard input}:1861   .rodata.mb0.6582:0000000000000000 mb0.6582
    {standard input}:1857   .rodata.mb0.6582:0000000000000000 $d
    {standard input}:1868   .rodata.mb1.6583:0000000000000000 $d

UNDEFINED SYMBOLS
ESC_write
ESCvar
ESC_read
MBXcontrol
MBX
APP_safeoutput
sizeOfPDO
SMmap2
SMmap3
